c:\users\ahdey\source\repos\tictactoe\debug\vc142.pdb
c:\users\ahdey\source\repos\tictactoe\debug\vc142.idb
c:\users\ahdey\source\repos\tictactoe\debug\randomai.nativecodeanalysis.sarif
c:\users\ahdey\source\repos\tictactoe\debug\randomai.nativecodeanalysis.xml
c:\users\ahdey\source\repos\tictactoe\debug\minimax.nativecodeanalysis.sarif
c:\users\ahdey\source\repos\tictactoe\debug\minimax.nativecodeanalysis.xml
c:\users\ahdey\source\repos\tictactoe\debug\main.nativecodeanalysis.sarif
c:\users\ahdey\source\repos\tictactoe\debug\main.nativecodeanalysis.xml
c:\users\ahdey\source\repos\tictactoe\debug\board.nativecodeanalysis.sarif
c:\users\ahdey\source\repos\tictactoe\debug\board.nativecodeanalysis.xml
c:\users\ahdey\source\repos\tictactoe\debug\board.obj
c:\users\ahdey\source\repos\tictactoe\debug\main.obj
c:\users\ahdey\source\repos\tictactoe\debug\minimax.obj
c:\users\ahdey\source\repos\tictactoe\debug\randomai.obj
c:\users\ahdey\source\repos\tictactoe\debug\tictactoe.ilk
c:\users\ahdey\source\repos\tictactoe\debug\tictactoe.exe
c:\users\ahdey\source\repos\tictactoe\debug\tictactoe.pdb
c:\users\ahdey\source\repos\tictactoe\debug\vc.nativecodeanalysis.all.xml
c:\users\ahdey\source\repos\tictactoe\debug\tictactoe.tlog\cl.command.1.tlog
c:\users\ahdey\source\repos\tictactoe\debug\tictactoe.tlog\cl.read.1.tlog
c:\users\ahdey\source\repos\tictactoe\debug\tictactoe.tlog\cl.write.1.tlog
c:\users\ahdey\source\repos\tictactoe\debug\tictactoe.tlog\link.command.1.tlog
c:\users\ahdey\source\repos\tictactoe\debug\tictactoe.tlog\link.read.1.tlog
c:\users\ahdey\source\repos\tictactoe\debug\tictactoe.tlog\link.write.1.tlog
